2020-04-11 16:57:27.875 [main] INFO  ru.geekbrains.java2.MySQLConnection - Base connection
2020-04-11 16:57:27.875 [main] INFO  ru.geekbrains.java2.MyServer - Сервер запущен, ожидаем соединения...
2020-04-11 16:57:27.875 [main] INFO  ru.geekbrains.java2.BaseAuthService - Сервис аутентификации запущен
2020-04-11 16:57:33.433 [main] INFO  ru.geekbrains.java2.MyServer - Клиент подключен.
2020-04-11 16:57:46.139 [pool-2-thread-1] INFO  client.ClientHandler - От TommCatt : hello
2020-04-11 16:57:47.054 [pool-2-thread-1] INFO  client.ClientHandler - От TommCatt : ldkgjldf
2020-04-11 16:57:48.310 [pool-2-thread-1] INFO  client.ClientHandler - От TommCatt : ;skg;dj
2020-04-11 16:57:55.153 [pool-2-thread-1] INFO  client.ClientHandler - От TommCatt : /w nick3 klajglfj;
2020-04-11 17:01:58.709 [pool-2-thread-1] ERROR client.ClientHandler - Ошибка аутентификации или соединения
2020-04-11 17:48:29.072 [main] INFO  ru.geekbrains.java2.MySQLConnection - Base connection
2020-04-11 17:48:29.088 [main] INFO  ru.geekbrains.java2.MyServer - Сервер запущен, ожидаем соединения...
2020-04-11 17:48:29.088 [main] INFO  ru.geekbrains.java2.BaseAuthService - Сервис аутентификации запущен
2020-04-11 17:48:37.134 [main] INFO  ru.geekbrains.java2.MyServer - Клиент подключен.
2020-04-11 17:48:51.144 [pool-2-thread-1] INFO  client.ClientHandler - От TommCatt : ldglgkjfd
2020-04-11 17:48:52.067 [pool-2-thread-1] INFO  client.ClientHandler - От TommCatt : slkdjgfg
2020-04-11 17:48:53.241 [pool-2-thread-1] INFO  client.ClientHandler - От TommCatt : ldkjgd
2020-04-11 17:50:31.645 [pool-2-thread-1] INFO  client.ClientHandler - От TommCatt : /end
2020-04-11 17:50:31.646 [pool-2-thread-1] INFO  ru.geekbrains.java2.MyServer - Клиент TommCatt покинул беседу.
2020-04-11 18:01:12.228 [main] INFO  ru.geekbrains.java2.MySQLConnection - Base connection
2020-04-11 18:01:12.233 [main] INFO  ru.geekbrains.java2.MyServer - Сервер запущен, ожидаем соединения...
2020-04-11 18:01:12.233 [main] INFO  ru.geekbrains.java2.BaseAuthService - Сервис аутентификации запущен
2020-04-11 18:01:20.782 [main] INFO  ru.geekbrains.java2.MyServer - Клиент подключен.
2020-04-11 18:01:34.983 [pool-2-thread-1] INFO  client.ClientHandler - От TommCatt : sgdfgjlf
2020-04-11 18:01:35.936 [pool-2-thread-1] INFO  client.ClientHandler - От TommCatt : lakjgfdl
2020-04-11 18:01:36.837 [pool-2-thread-1] INFO  client.ClientHandler - От TommCatt : alkfjgdl
2020-04-11 18:01:57.665 [pool-2-thread-1] ERROR client.ClientHandler - Ошибка аутентификации или соединения
